<?xml version="1.0" encoding="UTF-8"?>
<testsuite xmlns:xsi="http://www.w3.org/2001/XMLSchema-instance" xsi:noNamespaceSchemaLocation="https://maven.apache.org/surefire/maven-surefire-plugin/xsd/surefire-test-report-3.0.xsd" version="3.0" name="unicamp.br.inf321.RunCucumberTest" time="17.07" tests="3" errors="0" skipped="0" failures="0">
  <properties>
[...]
</properties>
  <testcase name="Successful login with valid credentials" classname="User Login" time="4.159">
    <system-out><![CDATA[
Scenario: Successful login with valid credentials                                               &amp#27;[90m# unicamp/br/inf321/Login.feature:3&amp#27;[0m
  &amp#27;[32mGiven &amp#27;[0m&amp#27;[32mthe user is on the homepage&amp#27;[0m                                                             &amp#27;[90m# unicamp.br.inf321.LoginStepDefinitions.the_user_is_on_the_homepage()&amp#27;[0m
  &amp#27;[32mWhen &amp#27;[0m&amp#27;[32mthe user navigates to the sign in page&amp#27;[0m                                                   &amp#27;[90m# unicamp.br.inf321.LoginStepDefinitions.the_user_navigates_to_the_sign_in_page()&amp#27;[0m
  &amp#27;[32mAnd &amp#27;[0m&amp#27;[32mthe user enters email &amp#27;[0m&amp#27;[32m&amp#27;[1m"oisidoro@unicamp.br"&amp#27;[0m                                               &amp#27;[90m# unicamp.br.inf321.LoginStepDefinitions.the_user_enters_email(java.lang.String)&amp#27;[0m
  &amp#27;[32mAnd &amp#27;[0m&amp#27;[32mthe user enters password &amp#27;[0m&amp#27;[32m&amp#27;[1m"aA#123456789"&amp#27;[0m                                                   &amp#27;[90m# unicamp.br.inf321.LoginStepDefinitions.the_user_enters_password(java.lang.String)&amp#27;[0m
  &amp#27;[32mAnd &amp#27;[0m&amp#27;[32mthe user clicks the sign in button&amp#27;[0m                                                        &amp#27;[90m# unicamp.br.inf321.LoginStepDefinitions.the_user_clicks_the_sign_in_button()&amp#27;[0m
  &amp#27;[32mThen &amp#27;[0m&amp#27;[32mthe user should see the welcome message &amp#27;[0m&amp#27;[32m&amp#27;[1m"Welcome Toni"&amp#27;[0m                                   &amp#27;[90m# unicamp.br.inf321.LoginStepDefinitions.the_user_should_see_the_welcome_message(java.lang.String)&amp#27;[0m
  &amp#27;[32mAnd &amp#27;[0m&amp#27;[32mthe current URL should contain &amp#27;[0m&amp#27;[32m&amp#27;[1m"http://multibags.1dt.com.br/shop/customer/dashboard.html"&amp#27;[0m &amp#27;[90m# unicamp.br.inf321.RegisterUserStepDefinitions.the_current_url_should_contain(java.lang.String)&amp#27;[0m
  &amp#27;[32mAnd &amp#27;[0m&amp#27;[32mthe main menu should contain:&amp#27;[0m                                                             &amp#27;[90m# unicamp.br.inf321.LoginStepDefinitions.the_main_menu_should_contain(io.cucumber.datatable.DataTable)&amp#27;[0m
    | My Account                     |
    | Billing & shipping information |
    | Change password                |
    | Logout                         |
]]></system-out>
  </testcase>
  <testcase name="Register Account Test" classname="Register User Account" time="4.1">
    <system-out><![CDATA[
Scenario: Register Account Test                                                                  &amp#27;[90m# unicamp/br/inf321/RegisterUser.feature:3&amp#27;[0m
  &amp#27;[32mGiven &amp#27;[0m&amp#27;[32mI navigate to &amp#27;[0m&amp#27;[32m&amp#27;[1m"http://multibags.1dt.com.br/"&amp#27;[0m                                             &amp#27;[90m# unicamp.br.inf321.RegisterUserStepDefinitions.i_navigate_to(java.lang.String)&amp#27;[0m
  &amp#27;[32mWhen &amp#27;[0m&amp#27;[32mI click on &amp#27;[0m&amp#27;[32m&amp#27;[1m"My Account"&amp#27;[0m&amp#27;[32m in the top header menu&amp#27;[0m                                            &amp#27;[90m# unicamp.br.inf321.RegisterUserStepDefinitions.i_click_on_in_the_top_header_menu(java.lang.String)&amp#27;[0m
  &amp#27;[32mAnd &amp#27;[0m&amp#27;[32mI click on &amp#27;[0m&amp#27;[32m&amp#27;[1m"Register"&amp#27;[0m                                                                      &amp#27;[90m# unicamp.br.inf321.RegisterUserStepDefinitions.i_click_on(java.lang.String)&amp#27;[0m
  &amp#27;[32mAnd &amp#27;[0m&amp#27;[32mI insert a random string with maximum length of &amp#27;[0m&amp#27;[32m&amp#27;[1m12&amp#27;[0m&amp#27;[32m characters in the first name field&amp#27;[0m      &amp#27;[90m# unicamp.br.inf321.RegisterUserStepDefinitions.i_insert_random_first_name(int)&amp#27;[0m
  &amp#27;[32mAnd &amp#27;[0m&amp#27;[32mI insert a random string with maximum length of &amp#27;[0m&amp#27;[32m&amp#27;[1m12&amp#27;[0m&amp#27;[32m characters in the last name field&amp#27;[0m       &amp#27;[90m# unicamp.br.inf321.RegisterUserStepDefinitions.i_insert_random_last_name(int)&amp#27;[0m
  &amp#27;[32mAnd &amp#27;[0m&amp#27;[32mI select a random country in the dropdown field&amp#27;[0m                                            &amp#27;[90m# unicamp.br.inf321.RegisterUserStepDefinitions.i_select_random_country()&amp#27;[0m
  &amp#27;[32mAnd &amp#27;[0m&amp#27;[32mI insert a random string with maximum length of &amp#27;[0m&amp#27;[32m&amp#27;[1m12&amp#27;[0m&amp#27;[32m characters in the state field&amp#27;[0m           &amp#27;[90m# unicamp.br.inf321.RegisterUserStepDefinitions.i_insert_a_random_string_with_maximum_length_of_characters_in_the_state_field(int)&amp#27;[0m
  &amp#27;[32mAnd &amp#27;[0m&amp#27;[32mI insert a random email address in the Email address field&amp#27;[0m                                 &amp#27;[90m# unicamp.br.inf321.RegisterUserStepDefinitions.i_insert_random_email()&amp#27;[0m
  &amp#27;[32mAnd &amp#27;[0m&amp#27;[32mI insert &amp#27;[0m&amp#27;[32m&amp#27;[1m"abcd1234"&amp#27;[0m&amp#27;[32m in the password field&amp#27;[0m                                                  &amp#27;[90m# unicamp.br.inf321.RegisterUserStepDefinitions.i_insert_password(java.lang.String)&amp#27;[0m
  &amp#27;[32mAnd &amp#27;[0m&amp#27;[32mI insert &amp#27;[0m&amp#27;[32m&amp#27;[1m"abcd1234"&amp#27;[0m&amp#27;[32m in the repeat password field&amp#27;[0m                                           &amp#27;[90m# unicamp.br.inf321.RegisterUserStepDefinitions.i_insert_repeat_password(java.lang.String)&amp#27;[0m
  &amp#27;[32mAnd &amp#27;[0m&amp#27;[32mI click on the &amp#27;[0m&amp#27;[32m&amp#27;[1m"CREATE AN ACCOUNT"&amp#27;[0m&amp#27;[32m button&amp#27;[0m                                                  &amp#27;[90m# unicamp.br.inf321.RegisterUserStepDefinitions.i_click_on_button(java.lang.String)&amp#27;[0m
  &amp#27;[32mThen &amp#27;[0m&amp#27;[32mthe current URL should contain &amp#27;[0m&amp#27;[32m&amp#27;[1m"http://multibags.1dt.com.br/shop/customer/dashboard.html"&amp#27;[0m &amp#27;[90m# unicamp.br.inf321.RegisterUserStepDefinitions.the_current_url_should_contain(java.lang.String)&amp#27;[0m
  &amp#27;[32mAnd &amp#27;[0m&amp#27;[32mI click on &amp#27;[0m&amp#27;[32m&amp#27;[1m"Welcome "&amp#27;[0m&amp#27;[32m in the top header menu&amp#27;[0m                                               &amp#27;[90m# unicamp.br.inf321.RegisterUserStepDefinitions.i_click_on_in_the_top_header_menu(java.lang.String)&amp#27;[0m
  &amp#27;[32mAnd &amp#27;[0m&amp#27;[32mthe main menu should contain:&amp#27;[0m                                                              &amp#27;[90m# unicamp.br.inf321.LoginStepDefinitions.the_main_menu_should_contain(io.cucumber.datatable.DataTable)&amp#27;[0m
    | My Account |
    | Logout     |
]]></system-out>
  </testcase>
  <testcase name="Register a new product review successfully" classname="New Product Review Test" time="6.808">
    <system-out><![CDATA[
Scenario: Register a new product review successfully                                       &amp#27;[90m# unicamp/br/inf321/new_product_review.feature:3&amp#27;[0m
  &amp#27;[32mGiven &amp#27;[0m&amp#27;[32mI navigate to &amp#27;[0m&amp#27;[32m&amp#27;[1m"http://multibags.1dt.com.br/"&amp#27;[0m                                       &amp#27;[90m# unicamp.br.inf321.RegisterUserStepDefinitions.i_navigate_to(java.lang.String)&amp#27;[0m
  &amp#27;[32mWhen &amp#27;[0m&amp#27;[32mI click on &amp#27;[0m&amp#27;[32m&amp#27;[1m"My Account"&amp#27;[0m&amp#27;[32m in the top header menu&amp#27;[0m                                      &amp#27;[90m# unicamp.br.inf321.RegisterUserStepDefinitions.i_click_on_in_the_top_header_menu(java.lang.String)&amp#27;[0m
  &amp#27;[32mAnd &amp#27;[0m&amp#27;[32mI click on &amp#27;[0m&amp#27;[32m&amp#27;[1m"Sign in"&amp#27;[0m                                                                 &amp#27;[90m# unicamp.br.inf321.RegisterUserStepDefinitions.i_click_on(java.lang.String)&amp#27;[0m
  &amp#27;[32mAnd &amp#27;[0m&amp#27;[32mI enter email &amp#27;[0m&amp#27;[32m&amp#27;[1m"oisidoro@unicamp.br"&amp#27;[0m                                                  &amp#27;[90m# unicamp.br.inf321.NewProductReviewStepDefinitions.i_enter_email(java.lang.String)&amp#27;[0m
  &amp#27;[32mAnd &amp#27;[0m&amp#27;[32mI enter password &amp#27;[0m&amp#27;[32m&amp#27;[1m"aA#123456789"&amp#27;[0m                                                      &amp#27;[90m# unicamp.br.inf321.NewProductReviewStepDefinitions.i_enter_password(java.lang.String)&amp#27;[0m
  &amp#27;[32mAnd &amp#27;[0m&amp#27;[32mI click on the sign in button&amp#27;[0m                                                        &amp#27;[90m# unicamp.br.inf321.NewProductReviewStepDefinitions.i_click_on_the_sign_in_button()&amp#27;[0m
  &amp#27;[32mThen &amp#27;[0m&amp#27;[32mI should see the welcome message &amp#27;[0m&amp#27;[32m&amp#27;[1m"Welcome Toni"&amp#27;[0m                                     &amp#27;[90m# unicamp.br.inf321.NewProductReviewStepDefinitions.i_should_see_the_welcome_message(java.lang.String)&amp#27;[0m
  &amp#27;[32mAnd &amp#27;[0m&amp#27;[32mthe current URL should be &amp#27;[0m&amp#27;[32m&amp#27;[1m"http://multibags.1dt.com.br/shop/customer/dashboard.html"&amp#27;[0m &amp#27;[90m# unicamp.br.inf321.NewProductReviewStepDefinitions.the_current_url_should_be(java.lang.String)&amp#27;[0m
  &amp#27;[32mAnd &amp#27;[0m&amp#27;[32mthe main menu should contain:&amp#27;[0m                                                        &amp#27;[90m# unicamp.br.inf321.LoginStepDefinitions.the_main_menu_should_contain(io.cucumber.datatable.DataTable)&amp#27;[0m
    | My Account                     |
    | Billing & shipping information |
    | Change password                |
    | Logout                         |
  &amp#27;[32mAnd &amp#27;[0m&amp#27;[32mI navigate to &amp#27;[0m&amp#27;[32m&amp#27;[1m"http://multibags.1dt.com.br/shop/product/vintage-courier-bag.html"&amp#27;[0m    &amp#27;[90m# unicamp.br.inf321.RegisterUserStepDefinitions.i_navigate_to(java.lang.String)&amp#27;[0m
  &amp#27;[32mAnd &amp#27;[0m&amp#27;[32mI click on the &amp#27;[0m&amp#27;[32m&amp#27;[1m"Customer Review"&amp#27;[0m&amp#27;[32m tab&amp#27;[0m                                                 &amp#27;[90m# unicamp.br.inf321.NewProductReviewStepDefinitions.i_click_on_the_tab(java.lang.String)&amp#27;[0m
  &amp#27;[32mAnd &amp#27;[0m&amp#27;[32mI click on the &amp#27;[0m&amp#27;[32m&amp#27;[1m"Write a Review"&amp#27;[0m&amp#27;[32m button&amp#27;[0m                                               &amp#27;[90m# unicamp.br.inf321.RegisterUserStepDefinitions.i_click_on_button(java.lang.String)&amp#27;[0m
  &amp#27;[32mAnd &amp#27;[0m&amp#27;[32mI handle existing product review if present&amp#27;[0m                                          &amp#27;[90m# unicamp.br.inf321.NewProductReviewStepDefinitions.handleExistingProductReviewIfPresent()&amp#27;[0m
  &amp#27;[32mAnd &amp#27;[0m&amp#27;[32mI insert a random text of &amp#27;[0m&amp#27;[32m&amp#27;[1m140&amp#27;[0m&amp#27;[32m characters in the description field&amp#27;[0m                    &amp#27;[90m# unicamp.br.inf321.NewProductReviewStepDefinitions.insertRandomTextInDescription(int)&amp#27;[0m
  &amp#27;[32mAnd &amp#27;[0m&amp#27;[32mI insert a random score between &amp#27;[0m&amp#27;[32m&amp#27;[1m0&amp#27;[0m&amp#27;[32m and &amp#27;[0m&amp#27;[32m&amp#27;[1m5&amp#27;[0m&amp#27;[32m in the score input&amp#27;[0m                           &amp#27;[90m# unicamp.br.inf321.NewProductReviewStepDefinitions.insertRandomScore(int,int)&amp#27;[0m
  &amp#27;[32mAnd &amp#27;[0m&amp#27;[32mI click on the submit button&amp#27;[0m                                                         &amp#27;[90m# unicamp.br.inf321.NewProductReviewStepDefinitions.clickSubmitButton()&amp#27;[0m
  &amp#27;[32mThen &amp#27;[0m&amp#27;[32mI should see the text &amp#27;[0m&amp#27;[32m&amp#27;[1m"You have successfully created a product review"&amp#27;[0m              &amp#27;[90m# unicamp.br.inf321.NewProductReviewStepDefinitions.shouldSeeText(java.lang.String)&amp#27;[0m
  &amp#27;[32mAnd &amp#27;[0m&amp#27;[32mI should see the text &amp#27;[0m&amp#27;[32m&amp#27;[1m"You have evaluated this product"&amp#27;[0m                              &amp#27;[90m# unicamp.br.inf321.NewProductReviewStepDefinitions.shouldSeeText(java.lang.String)&amp#27;[0m
  &amp#27;[32mAnd &amp#27;[0m&amp#27;[32mthe input score should be the same as score input&amp#27;[0m                                    &amp#27;[90m# unicamp.br.inf321.NewProductReviewStepDefinitions.verifyInputScore()&amp#27;[0m
  &amp#27;[32mAnd &amp#27;[0m&amp#27;[32mI should see the review text I entered&amp#27;[0m                                               &amp#27;[90m# unicamp.br.inf321.NewProductReviewStepDefinitions.verifyReviewText()&amp#27;[0m
]]></system-out>
  </testcase>
</testsuite>